DEPRECATION WARNING: config.action_view.debug_rjs will be removed in 3.1, from 3.1 onwards you will need to install prototype-rails to continue to use RJS templates . (called from service at C:/RailsInstaller/Ruby1.8.7/lib/ruby/1.8/webrick/httpserver.rb:104)


Started GET "/rails/info/properties" for 127.0.0.1 at Tue Nov 22 19:41:45 +0530 2011
  Processing by Rails::InfoController#properties as 
  [1m[36mSQL (0.0ms)[0m  [1m SELECT name
 FROM sqlite_master
 WHERE type = 'table' AND NOT name = 'sqlite_sequence'
[0m
Rendered inline template (0.0ms)
Completed 200 OK in 172ms (Views: 0.0ms | ActiveRecord: 0.0ms)
DEPRECATION WARNING: config.action_view.debug_rjs will be removed in 3.1, from 3.1 onwards you will need to install prototype-rails to continue to use RJS templates . (called from service at C:/RailsInstaller/Ruby1.8.7/lib/ruby/1.8/webrick/httpserver.rb:104)


Started GET "/rails/info/properties" for 127.0.0.1 at Tue Nov 22 23:17:52 +0530 2011
  Processing by Rails::InfoController#properties as HTML
  [1m[36mSQL (1.0ms)[0m  [1m SELECT name
 FROM sqlite_master
 WHERE type = 'table' AND NOT name = 'sqlite_sequence'
[0m
Rendered inline template (1.0ms)
Completed 200 OK in 103ms (Views: 2.0ms | ActiveRecord: 1.0ms)


Started GET "/rails/info/properties" for 127.0.0.1 at Tue Nov 22 23:18:07 +0530 2011
  Processing by Rails::InfoController#properties as 
Rendered inline template (0.0ms)
Completed 200 OK in 7ms (Views: 5.0ms | ActiveRecord: 0.0ms)
  [1m[36mSQL (18.0ms)[0m  [1m SELECT name
 FROM sqlite_master
 WHERE type = 'table' AND NOT name = 'sqlite_sequence'
[0m
  [1m[35mSQL (0.0ms)[0m  select sqlite_version(*)
  [1m[36mSQL (33.0ms)[0m  [1mCREATE TABLE "schema_migrations" ("version" varchar(255) NOT NULL) [0m
  [1m[35mSQL (0.0ms)[0m  PRAGMA index_list("schema_migrations")
  [1m[36mSQL (32.0ms)[0m  [1mCREATE UNIQUE INDEX "unique_schema_migrations" ON "schema_migrations" ("version")[0m
  [1m[35mSQL (1.0ms)[0m   SELECT name
 FROM sqlite_master
 WHERE type = 'table' AND NOT name = 'sqlite_sequence'
  [1m[36mSQL (0.0ms)[0m  [1m SELECT name
 FROM sqlite_master
 WHERE type = 'table' AND NOT name = 'sqlite_sequence'
[0m
  [1m[35mSQL (1.0ms)[0m  SELECT "schema_migrations"."version" FROM "schema_migrations"
Migrating to CreateRaichands (20111124095833)
  [1m[36mSQL (2.0ms)[0m  [1mCREATE TABLE "raichands" ("id" INTEGER PRIMARY KEY AUTOINCREMENT NOT NULL, "name" varchar(255), "email" varchar(255), "created_at" datetime, "updated_at" datetime) [0m
  [1m[35mSQL (0.0ms)[0m  INSERT INTO "schema_migrations" ("version") VALUES ('20111124095833')
  [1m[36mSQL (1.0ms)[0m  [1mselect sqlite_version(*)[0m
  [1m[35mSQL (1.0ms)[0m   SELECT name
 FROM sqlite_master
 WHERE type = 'table' AND NOT name = 'sqlite_sequence'
  [1m[36mSQL (0.0ms)[0m  [1mSELECT "schema_migrations"."version" FROM "schema_migrations"[0m
  [1m[35mSQL (1.0ms)[0m   SELECT name
 FROM sqlite_master
 WHERE type = 'table' AND NOT name = 'sqlite_sequence'
  [1m[36mSQL (0.0ms)[0m  [1mPRAGMA index_list("raichands")[0m
DEPRECATION WARNING: config.action_view.debug_rjs will be removed in 3.1, from 3.1 onwards you will need to install prototype-rails to continue to use RJS templates . (called from service at C:/RailsInstaller/Ruby1.8.7/lib/ruby/1.8/webrick/httpserver.rb:104)


Started GET "/users" for 127.0.0.1 at Thu Nov 24 15:34:42 +0530 2011

ActionController::RoutingError (No route matches "/users"):
  

Rendered C:/RailsInstaller/Ruby1.8.7/lib/ruby/gems/1.8/gems/actionpack-3.0.11/lib/action_dispatch/middleware/templates/rescues/routing_error.erb within rescues/layout (2.0ms)


Started GET "/users" for 127.0.0.1 at Thu Nov 24 15:35:01 +0530 2011

ActionController::RoutingError (No route matches "/users"):
  

Rendered C:/RailsInstaller/Ruby1.8.7/lib/ruby/gems/1.8/gems/actionpack-3.0.11/lib/action_dispatch/middleware/templates/rescues/routing_error.erb within rescues/layout (1.0ms)


Started GET "/users/new" for 127.0.0.1 at Thu Nov 24 15:35:29 +0530 2011

ActionController::RoutingError (No route matches "/users/new"):
  

Rendered C:/RailsInstaller/Ruby1.8.7/lib/ruby/gems/1.8/gems/actionpack-3.0.11/lib/action_dispatch/middleware/templates/rescues/routing_error.erb within rescues/layout (1.0ms)


Started GET "/users" for 127.0.0.1 at Thu Nov 24 15:36:33 +0530 2011

ActionController::RoutingError (No route matches "/users"):
  

Rendered C:/RailsInstaller/Ruby1.8.7/lib/ruby/gems/1.8/gems/actionpack-3.0.11/lib/action_dispatch/middleware/templates/rescues/routing_error.erb within rescues/layout (1.0ms)


Started GET "/users" for 127.0.0.1 at Thu Nov 24 15:36:42 +0530 2011

ActionController::RoutingError (No route matches "/users"):
  

Rendered C:/RailsInstaller/Ruby1.8.7/lib/ruby/gems/1.8/gems/actionpack-3.0.11/lib/action_dispatch/middleware/templates/rescues/routing_error.erb within rescues/layout (1.0ms)
DEPRECATION WARNING: config.action_view.debug_rjs will be removed in 3.1, from 3.1 onwards you will need to install prototype-rails to continue to use RJS templates . (called from service at C:/RailsInstaller/Ruby1.8.7/lib/ruby/1.8/webrick/httpserver.rb:104)


Started GET "/users/new" for 127.0.0.1 at Thu Nov 24 15:38:56 +0530 2011

ActionController::RoutingError (No route matches "/users/new"):
  

Rendered C:/RailsInstaller/Ruby1.8.7/lib/ruby/gems/1.8/gems/actionpack-3.0.11/lib/action_dispatch/middleware/templates/rescues/routing_error.erb within rescues/layout (1.0ms)


Started GET "/users" for 127.0.0.1 at Thu Nov 24 15:42:55 +0530 2011

ActionController::RoutingError (No route matches "/users"):
  

Rendered C:/RailsInstaller/Ruby1.8.7/lib/ruby/gems/1.8/gems/actionpack-3.0.11/lib/action_dispatch/middleware/templates/rescues/routing_error.erb within rescues/layout (1.0ms)
DEPRECATION WARNING: config.action_view.debug_rjs will be removed in 3.1, from 3.1 onwards you will need to install prototype-rails to continue to use RJS templates . (called from service at C:/RailsInstaller/Ruby1.8.7/lib/ruby/1.8/webrick/httpserver.rb:104)


Started GET "/users" for 127.0.0.1 at Fri Nov 25 16:18:47 +0530 2011

ActionController::RoutingError (No route matches "/users"):
  

Rendered C:/RailsInstaller/Ruby1.8.7/lib/ruby/gems/1.8/gems/actionpack-3.0.11/lib/action_dispatch/middleware/templates/rescues/routing_error.erb within rescues/layout (1.0ms)


Started GET "/raichands" for 127.0.0.1 at Fri Nov 25 16:19:06 +0530 2011
  Processing by RaichandsController#index as HTML
  [1m[36mRaichand Load (1.0ms)[0m  [1mSELECT "raichands".* FROM "raichands"[0m
Rendered raichands/index.html.erb within layouts/application (6.0ms)
Completed 200 OK in 265ms (Views: 45.0ms | ActiveRecord: 1.0ms)


Started GET "/raichands/new" for 127.0.0.1 at Fri Nov 25 16:20:05 +0530 2011
  Processing by RaichandsController#new as HTML
Rendered raichands/_form.html.erb (129.0ms)
Rendered raichands/new.html.erb within layouts/application (165.0ms)
Completed 200 OK in 202ms (Views: 197.0ms | ActiveRecord: 0.0ms)


Started GET "/raichands" for 127.0.0.1 at Fri Nov 25 16:20:10 +0530 2011
  Processing by RaichandsController#index as HTML
  [1m[35mRaichand Load (0.0ms)[0m  SELECT "raichands".* FROM "raichands"
Rendered raichands/index.html.erb within layouts/application (5.0ms)
Completed 200 OK in 35ms (Views: 29.0ms | ActiveRecord: 0.0ms)


Started GET "/raichands/new" for 127.0.0.1 at Fri Nov 25 18:53:25 +0530 2011
  Processing by RaichandsController#new as HTML
Rendered raichands/_form.html.erb (0.0ms)
Rendered raichands/new.html.erb within layouts/application (31.2ms)
Completed 200 OK in 94ms (Views: 46.8ms | ActiveRecord: 0.0ms)


Started GET "/raichands" for 127.0.0.1 at Fri Nov 25 18:53:34 +0530 2011
  Processing by RaichandsController#index as HTML
  [1m[36mRaichand Load (0.0ms)[0m  [1mSELECT "raichands".* FROM "raichands"[0m
Rendered raichands/index.html.erb within layouts/application (0.0ms)
Completed 200 OK in 31ms (Views: 31.2ms | ActiveRecord: 0.0ms)


Started GET "/raichands/new" for 127.0.0.1 at Sun Nov 27 10:38:35 +0530 2011
  Processing by RaichandsController#new as HTML
Rendered raichands/_form.html.erb (8.0ms)
Rendered raichands/new.html.erb within layouts/application (23.0ms)
Completed 200 OK in 71ms (Views: 61.0ms | ActiveRecord: 0.0ms)
DEPRECATION WARNING: config.action_view.debug_rjs will be removed in 3.1, from 3.1 onwards you will need to install prototype-rails to continue to use RJS templates . (called from service at C:/RailsInstaller/Ruby1.8.7/lib/ruby/1.8/webrick/httpserver.rb:104)


Started GET "/raichands" for 127.0.0.1 at Mon Nov 28 21:59:44 +0530 2011
  Processing by RaichandsController#index as HTML
  [1m[36mRaichand Load (0.0ms)[0m  [1mSELECT "raichands".* FROM "raichands"[0m
Rendered raichands/index.html.erb within layouts/application (31.2ms)
Completed 200 OK in 296ms (Views: 78.0ms | ActiveRecord: 0.0ms)


Started GET "/raichands/new" for 127.0.0.1 at Mon Nov 28 22:02:53 +0530 2011
  Processing by RaichandsController#new as HTML
Rendered raichands/_form.html.erb (130.0ms)
Rendered raichands/new.html.erb within layouts/application (170.0ms)
Completed 200 OK in 240ms (Views: 230.0ms | ActiveRecord: 0.0ms)


Started POST "/raichands" for 127.0.0.1 at Mon Nov 28 22:03:10 +0530 2011
  Processing by RaichandsController#create as HTML
  Parameters: {"commit"=>"Create Raichand", "raichand"=>{"name"=>"Abhishek", "email"=>"abhidgr8@gmail.com"}, "authenticity_token"=>"qd/zv6yT+Go0MX7cA4xTIDwkrzD8OTgq7WIfmH+x0Mg=", "utf8"=>"✓"}
  [1m[35mSQL (0.0ms)[0m   SELECT name
 FROM sqlite_master
 WHERE type = 'table' AND NOT name = 'sqlite_sequence'
  [1m[36mAREL (0.0ms)[0m  [1mINSERT INTO "raichands" ("updated_at", "email", "created_at", "name") VALUES ('2011-11-28 16:33:11.046349', 'abhidgr8@gmail.com', '2011-11-28 16:33:11.046349', 'Abhishek')[0m
Redirected to http://localhost:3000/raichands/1
Completed 302 Found in 203ms


Started GET "/raichands/1" for 127.0.0.1 at Mon Nov 28 22:03:11 +0530 2011
  Processing by RaichandsController#show as HTML
  Parameters: {"id"=>"1"}
  [1m[35mRaichand Load (0.0ms)[0m  SELECT "raichands".* FROM "raichands" WHERE "raichands"."id" = 1 LIMIT 1
Rendered raichands/show.html.erb within layouts/application (0.0ms)
Completed 200 OK in 78ms (Views: 78.0ms | ActiveRecord: 0.0ms)


Started GET "/raichands" for 127.0.0.1 at Mon Nov 28 22:03:14 +0530 2011
  Processing by RaichandsController#index as HTML
  [1m[36mRaichand Load (0.0ms)[0m  [1mSELECT "raichands".* FROM "raichands"[0m
Rendered raichands/index.html.erb within layouts/application (0.0ms)
Completed 200 OK in 31ms (Views: 31.2ms | ActiveRecord: 0.0ms)


Started GET "/raichands/new" for 127.0.0.1 at Mon Nov 28 22:03:20 +0530 2011
  Processing by RaichandsController#new as HTML
Rendered raichands/_form.html.erb (0.0ms)
Rendered raichands/new.html.erb within layouts/application (15.6ms)
Completed 200 OK in 47ms (Views: 46.8ms | ActiveRecord: 0.0ms)


Started POST "/raichands" for 127.0.0.1 at Mon Nov 28 22:03:36 +0530 2011
  Processing by RaichandsController#create as HTML
  Parameters: {"commit"=>"Create Raichand", "raichand"=>{"name"=>"Sheetu", "email"=>"Sheetu.g@gmail.com"}, "authenticity_token"=>"qd/zv6yT+Go0MX7cA4xTIDwkrzD8OTgq7WIfmH+x0Mg=", "utf8"=>"✓"}
  [1m[35mAREL (0.0ms)[0m  INSERT INTO "raichands" ("updated_at", "name", "email", "created_at") VALUES ('2011-11-28 16:33:36.162393', 'Sheetu', 'Sheetu.g@gmail.com', '2011-11-28 16:33:36.162393')
Redirected to http://localhost:3000/raichands/2
Completed 302 Found in 31ms


Started GET "/raichands/2" for 127.0.0.1 at Mon Nov 28 22:03:36 +0530 2011
  Processing by RaichandsController#show as HTML
  Parameters: {"id"=>"2"}
  [1m[36mRaichand Load (0.0ms)[0m  [1mSELECT "raichands".* FROM "raichands" WHERE "raichands"."id" = 2 LIMIT 1[0m
Rendered raichands/show.html.erb within layouts/application (0.0ms)
Completed 200 OK in 31ms (Views: 31.2ms | ActiveRecord: 0.0ms)


Started GET "/raichands" for 127.0.0.1 at Mon Nov 28 22:03:38 +0530 2011
  Processing by RaichandsController#index as HTML
  [1m[35mRaichand Load (0.0ms)[0m  SELECT "raichands".* FROM "raichands"
Rendered raichands/index.html.erb within layouts/application (0.0ms)
Completed 200 OK in 31ms (Views: 31.2ms | ActiveRecord: 0.0ms)


Started GET "/raichands/2/edit" for 127.0.0.1 at Mon Nov 28 22:05:56 +0530 2011
  Processing by RaichandsController#edit as HTML
  Parameters: {"id"=>"2"}
  [1m[36mRaichand Load (0.0ms)[0m  [1mSELECT "raichands".* FROM "raichands" WHERE "raichands"."id" = 2 LIMIT 1[0m
Rendered raichands/_form.html.erb (0.0ms)
Rendered raichands/edit.html.erb within layouts/application (20.0ms)
Completed 200 OK in 60ms (Views: 50.0ms | ActiveRecord: 0.0ms)


Started POST "/raichands/2" for 127.0.0.1 at Mon Nov 28 22:06:01 +0530 2011
  Processing by RaichandsController#update as HTML
  Parameters: {"commit"=>"Update Raichand", "raichand"=>{"name"=>"Sheetu", "email"=>"sheetu.g@gmail.com"}, "authenticity_token"=>"qd/zv6yT+Go0MX7cA4xTIDwkrzD8OTgq7WIfmH+x0Mg=", "utf8"=>"✓", "id"=>"2"}
  [1m[35mRaichand Load (0.0ms)[0m  SELECT "raichands".* FROM "raichands" WHERE "raichands"."id" = 2 LIMIT 1
  [1m[36mAREL (0.0ms)[0m  [1mUPDATE "raichands" SET "email" = 'sheetu.g@gmail.com', "updated_at" = '2011-11-28 16:36:01.711275' WHERE "raichands"."id" = 2[0m
Redirected to http://localhost:3000/raichands/2
Completed 302 Found in 20ms


Started GET "/raichands/2" for 127.0.0.1 at Mon Nov 28 22:06:01 +0530 2011
  Processing by RaichandsController#show as HTML
  Parameters: {"id"=>"2"}
  [1m[35mRaichand Load (0.0ms)[0m  SELECT "raichands".* FROM "raichands" WHERE "raichands"."id" = 2 LIMIT 1
Rendered raichands/show.html.erb within layouts/application (10.0ms)
Completed 200 OK in 50ms (Views: 40.0ms | ActiveRecord: 0.0ms)


Started GET "/raichands" for 127.0.0.1 at Mon Nov 28 22:06:03 +0530 2011
  Processing by RaichandsController#index as HTML
  [1m[36mRaichand Load (0.0ms)[0m  [1mSELECT "raichands".* FROM "raichands"[0m
Rendered raichands/index.html.erb within layouts/application (10.0ms)
Completed 200 OK in 50ms (Views: 40.0ms | ActiveRecord: 0.0ms)


Started GET "/raichands/1" for 127.0.0.1 at Mon Nov 28 22:11:48 +0530 2011
  Processing by RaichandsController#show as HTML
  Parameters: {"id"=>"1"}
  [1m[35mRaichand Load (0.0ms)[0m  SELECT "raichands".* FROM "raichands" WHERE "raichands"."id" = 1 LIMIT 1
Rendered raichands/show.html.erb within layouts/application (10.0ms)
Completed 200 OK in 50ms (Views: 40.0ms | ActiveRecord: 0.0ms)
  [1m[36mSQL (0.0ms)[0m  [1m SELECT name
 FROM sqlite_master
 WHERE type = 'table' AND NOT name = 'sqlite_sequence'
[0m
  [1m[35mSQL (0.0ms)[0m   SELECT name
 FROM sqlite_master
 WHERE type = 'table' AND NOT name = 'sqlite_sequence'
  [1m[36mSQL (0.0ms)[0m  [1mSELECT "schema_migrations"."version" FROM "schema_migrations"[0m
Migrating to CreateRaichands (20111124095833)
Migrating to CreateSuggestions (20111128165517)
  [1m[35mSQL (0.0ms)[0m  select sqlite_version(*)
  [1m[36mSQL (0.0ms)[0m  [1mCREATE TABLE "suggestions" ("id" INTEGER PRIMARY KEY AUTOINCREMENT NOT NULL, "content" varchar(255), "user_id" integer, "category_id" integer, "created_at" datetime, "updated_at" datetime) [0m
  [1m[35mSQL (0.0ms)[0m  INSERT INTO "schema_migrations" ("version") VALUES ('20111128165517')
  [1m[36mSQL (0.0ms)[0m  [1mselect sqlite_version(*)[0m
  [1m[35mSQL (0.0ms)[0m   SELECT name
 FROM sqlite_master
 WHERE type = 'table' AND NOT name = 'sqlite_sequence'
  [1m[36mSQL (0.0ms)[0m  [1mSELECT "schema_migrations"."version" FROM "schema_migrations"[0m
  [1m[35mSQL (0.0ms)[0m   SELECT name
 FROM sqlite_master
 WHERE type = 'table' AND NOT name = 'sqlite_sequence'
  [1m[36mSQL (0.0ms)[0m  [1mPRAGMA index_list("raichands")[0m
  [1m[35mSQL (0.0ms)[0m  PRAGMA index_list("suggestions")
  [1m[36mSQL (0.0ms)[0m  [1m SELECT name
 FROM sqlite_master
 WHERE type = 'table' AND NOT name = 'sqlite_sequence'
[0m
  [1m[35mSQL (0.0ms)[0m   SELECT name
 FROM sqlite_master
 WHERE type = 'table' AND NOT name = 'sqlite_sequence'
  [1m[36mSQL (0.0ms)[0m  [1mSELECT "schema_migrations"."version" FROM "schema_migrations"[0m
Migrating to CreateRaichands (20111124095833)
Migrating to CreateSuggestions (20111128165517)
Migrating to CreateCategories (20111128165850)
  [1m[35mSQL (0.0ms)[0m  select sqlite_version(*)
  [1m[36mSQL (0.0ms)[0m  [1mCREATE TABLE "categories" ("id" INTEGER PRIMARY KEY AUTOINCREMENT NOT NULL, "category" varchar(255), "created_at" datetime, "updated_at" datetime) [0m
  [1m[35mSQL (0.0ms)[0m  INSERT INTO "schema_migrations" ("version") VALUES ('20111128165850')
  [1m[36mSQL (0.0ms)[0m  [1mselect sqlite_version(*)[0m
  [1m[35mSQL (0.0ms)[0m   SELECT name
 FROM sqlite_master
 WHERE type = 'table' AND NOT name = 'sqlite_sequence'
  [1m[36mSQL (0.0ms)[0m  [1mSELECT "schema_migrations"."version" FROM "schema_migrations"[0m
  [1m[35mSQL (0.0ms)[0m   SELECT name
 FROM sqlite_master
 WHERE type = 'table' AND NOT name = 'sqlite_sequence'
  [1m[36mSQL (0.0ms)[0m  [1mPRAGMA index_list("categories")[0m
  [1m[35mSQL (0.0ms)[0m  PRAGMA index_list("raichands")
  [1m[36mSQL (0.0ms)[0m  [1mPRAGMA index_list("suggestions")[0m
DEPRECATION WARNING: config.action_view.debug_rjs will be removed in 3.1, from 3.1 onwards you will need to install prototype-rails to continue to use RJS templates . (called from service at C:/RailsInstaller/Ruby1.8.7/lib/ruby/1.8/webrick/httpserver.rb:104)


Started GET "/raichands" for 127.0.0.1 at Mon Nov 28 22:29:59 +0530 2011
  Processing by RaichandsController#index as HTML
  [1m[36mRaichand Load (0.0ms)[0m  [1mSELECT "raichands".* FROM "raichands"[0m
Rendered raichands/index.html.erb within layouts/application (10.0ms)
Completed 200 OK in 160ms (Views: 40.0ms | ActiveRecord: 0.0ms)


Started GET "/suggestions" for 127.0.0.1 at Mon Nov 28 22:30:15 +0530 2011
  Processing by SuggestionsController#index as HTML
  [1m[35mSuggestion Load (0.0ms)[0m  SELECT "suggestions".* FROM "suggestions"
Rendered suggestions/index.html.erb within layouts/application (10.0ms)
Completed 200 OK in 40ms (Views: 30.0ms | ActiveRecord: 0.0ms)


Started GET "/categories" for 127.0.0.1 at Mon Nov 28 22:30:41 +0530 2011
  Processing by CategoriesController#index as HTML
  [1m[36mCategory Load (0.0ms)[0m  [1mSELECT "categories".* FROM "categories"[0m
Rendered categories/index.html.erb within layouts/application (10.0ms)
Completed 200 OK in 40ms (Views: 30.0ms | ActiveRecord: 0.0ms)


Started GET "/categories/new" for 127.0.0.1 at Mon Nov 28 22:30:45 +0530 2011
  Processing by CategoriesController#new as HTML
Rendered categories/_form.html.erb (10.0ms)
Rendered categories/new.html.erb within layouts/application (20.0ms)
Completed 200 OK in 50ms (Views: 40.0ms | ActiveRecord: 0.0ms)


Started GET "/categories" for 127.0.0.1 at Mon Nov 28 22:30:47 +0530 2011
  Processing by CategoriesController#index as HTML
  [1m[35mCategory Load (10.0ms)[0m  SELECT "categories".* FROM "categories"
Rendered categories/index.html.erb within layouts/application (10.0ms)
Completed 200 OK in 40ms (Views: 30.0ms | ActiveRecord: 10.0ms)
  [1m[36mRaichand Load (0.0ms)[0m  [1mSELECT "raichands".* FROM "raichands" LIMIT 1[0m
  [1m[35mRaichand Load (0.0ms)[0m  SELECT "raichands".* FROM "raichands" LIMIT 1
  [1m[36mSuggestion Load (0.0ms)[0m  [1mSELECT "suggestions".* FROM "suggestions" WHERE ("suggestions".raichand_id = 1)[0m
SQLite3::SQLException: no such column: suggestions.raichand_id: SELECT "suggestions".* FROM "suggestions" WHERE ("suggestions".raichand_id = 1)
